<?xml version="1.0" encoding="UTF-8"?>
<testsuite xmlns:xsi="http://www.w3.org/2001/XMLSchema-instance" xsi:noNamespaceSchemaLocation="https://maven.apache.org/surefire/maven-surefire-plugin/xsd/surefire-test-report.xsd" version="3.0.2" name="com.examplecom.model.CuentaTest$ParametersTest" time="0.088" tests="25" errors="0" skipped="2" failures="0">
  <properties>
    <property name="java.specification.version" value="17"/>
    <property name="sun.cpu.isalist" value="amd64"/>
    <property name="sun.jnu.encoding" value="Cp1252"/>
    <property name="java.class.path" value="D:\workspaceEclipse\PruebasUnitarias\target\test-classes;D:\workspaceEclipse\PruebasUnitarias\target\classes;C:\Users\ACER\.m2\repository\org\junit\jupiter\junit-jupiter\5.6.3\junit-jupiter-5.6.3.jar;C:\Users\ACER\.m2\repository\org\junit\jupiter\junit-jupiter-api\5.6.3\junit-jupiter-api-5.6.3.jar;C:\Users\ACER\.m2\repository\org\apiguardian\apiguardian-api\1.1.0\apiguardian-api-1.1.0.jar;C:\Users\ACER\.m2\repository\org\opentest4j\opentest4j\1.2.0\opentest4j-1.2.0.jar;C:\Users\ACER\.m2\repository\org\junit\platform\junit-platform-commons\1.6.3\junit-platform-commons-1.6.3.jar;C:\Users\ACER\.m2\repository\org\junit\jupiter\junit-jupiter-params\5.6.3\junit-jupiter-params-5.6.3.jar;C:\Users\ACER\.m2\repository\org\junit\jupiter\junit-jupiter-engine\5.6.3\junit-jupiter-engine-5.6.3.jar;C:\Users\ACER\.m2\repository\org\junit\platform\junit-platform-engine\1.6.3\junit-platform-engine-1.6.3.jar;"/>
    <property name="java.vm.vendor" value="Oracle Corporation"/>
    <property name="sun.arch.data.model" value="64"/>
    <property name="user.variant" value=""/>
    <property name="java.vendor.url" value="https://java.oracle.com/"/>
    <property name="user.timezone" value="America/Lima"/>
    <property name="os.name" value="Windows 11"/>
    <property name="java.vm.specification.version" value="17"/>
    <property name="sun.java.launcher" value="SUN_STANDARD"/>
    <property name="user.country" value="PE"/>
    <property name="sun.boot.library.path" value="C:\Program Files\Java\jdk-17\bin"/>
    <property name="sun.java.command" value="C:\Users\ACER\AppData\Local\Temp\surefire2085474999774111192\surefirebooter-20241103210229007_3.jar C:\Users\ACER\AppData\Local\Temp\surefire2085474999774111192 2024-11-03T21-02-28_832-jvmRun1 surefire-20241103210229007_1tmp surefire_0-20241103210229007_2tmp"/>
    <property name="jdk.debug" value="release"/>
    <property name="surefire.test.class.path" value="D:\workspaceEclipse\PruebasUnitarias\target\test-classes;D:\workspaceEclipse\PruebasUnitarias\target\classes;C:\Users\ACER\.m2\repository\org\junit\jupiter\junit-jupiter\5.6.3\junit-jupiter-5.6.3.jar;C:\Users\ACER\.m2\repository\org\junit\jupiter\junit-jupiter-api\5.6.3\junit-jupiter-api-5.6.3.jar;C:\Users\ACER\.m2\repository\org\apiguardian\apiguardian-api\1.1.0\apiguardian-api-1.1.0.jar;C:\Users\ACER\.m2\repository\org\opentest4j\opentest4j\1.2.0\opentest4j-1.2.0.jar;C:\Users\ACER\.m2\repository\org\junit\platform\junit-platform-commons\1.6.3\junit-platform-commons-1.6.3.jar;C:\Users\ACER\.m2\repository\org\junit\jupiter\junit-jupiter-params\5.6.3\junit-jupiter-params-5.6.3.jar;C:\Users\ACER\.m2\repository\org\junit\jupiter\junit-jupiter-engine\5.6.3\junit-jupiter-engine-5.6.3.jar;C:\Users\ACER\.m2\repository\org\junit\platform\junit-platform-engine\1.6.3\junit-platform-engine-1.6.3.jar;"/>
    <property name="sun.cpu.endian" value="little"/>
    <property name="user.home" value="C:\Users\ACER"/>
    <property name="user.language" value="es"/>
    <property name="java.specification.vendor" value="Oracle Corporation"/>
    <property name="java.version.date" value="2024-04-16"/>
    <property name="java.home" value="C:\Program Files\Java\jdk-17"/>
    <property name="file.separator" value="\"/>
    <property name="basedir" value="D:\workspaceEclipse\PruebasUnitarias"/>
    <property name="java.vm.compressedOopsMode" value="Zero based"/>
    <property name="line.separator" value="&#10;"/>
    <property name="java.vm.specification.vendor" value="Oracle Corporation"/>
    <property name="java.specification.name" value="Java Platform API Specification"/>
    <property name="surefire.real.class.path" value="C:\Users\ACER\AppData\Local\Temp\surefire2085474999774111192\surefirebooter-20241103210229007_3.jar"/>
    <property name="user.script" value=""/>
    <property name="sun.management.compiler" value="HotSpot 64-Bit Tiered Compilers"/>
    <property name="java.runtime.version" value="17.0.11+7-LTS-207"/>
    <property name="user.name" value="ACER"/>
    <property name="path.separator" value=";"/>
    <property name="os.version" value="10.0"/>
    <property name="java.runtime.name" value="Java(TM) SE Runtime Environment"/>
    <property name="file.encoding" value="Cp1252"/>
    <property name="java.vm.name" value="Java HotSpot(TM) 64-Bit Server VM"/>
    <property name="localRepository" value="C:\Users\ACER\.m2\repository"/>
    <property name="java.vendor.url.bug" value="https://bugreport.java.com/bugreport/"/>
    <property name="java.io.tmpdir" value="C:\Users\ACER\AppData\Local\Temp\"/>
    <property name="java.version" value="17.0.11"/>
    <property name="user.dir" value="D:\workspaceEclipse\PruebasUnitarias"/>
    <property name="os.arch" value="amd64"/>
    <property name="java.vm.specification.name" value="Java Virtual Machine Specification"/>
    <property name="sun.os.patch.level" value=""/>
    <property name="native.encoding" value="Cp1252"/>
    <property name="java.library.path" value="C:\Program Files\Java\jdk-17\bin;C:\Windows\Sun\Java\bin;C:\Windows\system32;C:\Windows;C:\Program Files\Common Files\Oracle\Java\javapath;C:\Program Files (x86)\Common Files\Oracle\Java\javapath;C:\Windows\system32;C:\Windows;C:\Windows\System32\Wbem;C:\Windows\System32\WindowsPowerShell\v1.0\;C:\Windows\System32\OpenSSH\;C:\Program Files (x86)\NVIDIA Corporation\PhysX\Common;C:\Program Files\NVIDIA Corporation\NVIDIA NvDLISR;C:\Program Files\Java\jdk-17\bin;D:\Odoo\python\Scripts;D:\Odoo\python;D:\programas\Git\cmd;C:\Program Files\Docker\Docker\resources\bin;C:\kubernetes;C:\Program Files\Kubernetes\Minikube;C:\Program Files\Kubernetes\Minikube;C:\Program Files\nodejs\;C:\Program Files\apache-maven-3.9.9\bin;C:\Users\ACER\AppData\Local\Microsoft\WindowsApps;D:\programas\Microsoft VS Code\bin;D:\Odoo\python\Scripts;D:\Odoo\python;C:\Users\ACER\AppData\Roaming\npm;."/>
    <property name="java.vm.info" value="mixed mode, sharing"/>
    <property name="java.vendor" value="Oracle Corporation"/>
    <property name="java.vm.version" value="17.0.11+7-LTS-207"/>
    <property name="sun.io.unicode.encoding" value="UnicodeLittle"/>
    <property name="java.class.version" value="61.0"/>
  </properties>
  <testcase name="timeoutTest" classname="com.examplecom.model.CuentaTest" time="3.026">
    <system-out><![CDATA[Iniciando Testing
Iniciando Test
Finalizando Test
]]></system-out>
  </testcase>
  <testcase name="testInsertCuentas" classname="com.examplecom.model.CuentaTest" time="0.001">
    <system-out><![CDATA[Iniciando Test
Finalizando Test
]]></system-out>
  </testcase>
  <testcase name="testRelacionBancoCuenta" classname="com.examplecom.model.CuentaTest" time="0.001">
    <system-out><![CDATA[Iniciando Test
Finalizando Test
]]></system-out>
  </testcase>
  <testcase name="testSaldo" classname="com.examplecom.model.CuentaTest" time="0.001">
    <system-out><![CDATA[Iniciando Test
Finalizando Test
]]></system-out>
  </testcase>
  <testcase name="testTransferencia" classname="com.examplecom.model.CuentaTest" time="0.001">
    <system-out><![CDATA[Iniciando Test
Finalizando Test
]]></system-out>
  </testcase>
  <testcase name="testCredito" classname="com.examplecom.model.CuentaTest" time="0.002">
    <system-out><![CDATA[Iniciando Test
Finalizando Test
]]></system-out>
  </testcase>
  <testcase name="testSaldoInsuficiente" classname="com.examplecom.model.CuentaTest" time="0.002">
    <system-out><![CDATA[Iniciando Test
Finalizando Test
]]></system-out>
  </testcase>
  <testcase name="testDebito" classname="com.examplecom.model.CuentaTest" time="0.001">
    <system-out><![CDATA[Iniciando Test
Finalizando Test
]]></system-out>
  </testcase>
  <testcase name="testRelacionBancoCuenta2" classname="com.examplecom.model.CuentaTest" time="0.004">
    <system-out><![CDATA[Iniciando Test
Finalizando Test
]]></system-out>
  </testcase>
  <testcase name="testInfoEnv" classname="com.examplecom.model.CuentaTest" time="0.0">
    <skipped message="void com.examplecom.model.CuentaTest.testInfoEnv() is @Disabled"/>
  </testcase>
  <testcase name="testNombre" classname="com.examplecom.model.CuentaTest" time="0.0">
    <skipped message="void com.examplecom.model.CuentaTest.testNombre() is @Disabled"/>
  </testcase>
  <testcase name="testSameObject" classname="com.examplecom.model.CuentaTest" time="0.001">
    <system-out><![CDATA[Iniciando Test
Finalizando Test
]]></system-out>
  </testcase>
  <testcase name="testCuentaDebito(String)[1]" classname="com.examplecom.model.CuentaTest$ParametersTest" time="0.021">
    <system-out><![CDATA[Iniciando Test
Finalizando Test
]]></system-out>
  </testcase>
  <testcase name="testCuentaDebito(String)[2]" classname="com.examplecom.model.CuentaTest$ParametersTest" time="0.001">
    <system-out><![CDATA[Iniciando Test
Finalizando Test
]]></system-out>
  </testcase>
  <testcase name="testCuentaDebito(String)[3]" classname="com.examplecom.model.CuentaTest$ParametersTest" time="0.001">
    <system-out><![CDATA[Iniciando Test
Finalizando Test
]]></system-out>
  </testcase>
  <testcase name="testCuentaDebito(String)[4]" classname="com.examplecom.model.CuentaTest$ParametersTest" time="0.001">
    <system-out><![CDATA[Iniciando Test
Finalizando Test
]]></system-out>
  </testcase>
  <testcase name="testCuentaDebito(String)[5]" classname="com.examplecom.model.CuentaTest$ParametersTest" time="0.001">
    <system-out><![CDATA[Iniciando Test
Finalizando Test
]]></system-out>
  </testcase>
  <testcase name="testCuentaDebito(String)[6]" classname="com.examplecom.model.CuentaTest$ParametersTest" time="0.001">
    <system-out><![CDATA[Iniciando Test
Finalizando Test
]]></system-out>
  </testcase>
  <testcase name="testCuentaDebito(String)[7]" classname="com.examplecom.model.CuentaTest$ParametersTest" time="0.001">
    <system-out><![CDATA[Iniciando Test
Finalizando Test
]]></system-out>
  </testcase>
  <testcase name="testCuentaDebito(String, String)[1]" classname="com.examplecom.model.CuentaTest$ParametersTest" time="0.001">
    <system-out><![CDATA[Iniciando Test
Finalizando Test
]]></system-out>
  </testcase>
  <testcase name="testCuentaDebito(String, String)[2]" classname="com.examplecom.model.CuentaTest$ParametersTest" time="0.001">
    <system-out><![CDATA[Iniciando Test
Finalizando Test
]]></system-out>
  </testcase>
  <testcase name="testCuentaDebito(String, String)[3]" classname="com.examplecom.model.CuentaTest$ParametersTest" time="0.0">
    <system-out><![CDATA[Iniciando Test
Finalizando Test
]]></system-out>
  </testcase>
  <testcase name="testCuentaDebito(String, String)[4]" classname="com.examplecom.model.CuentaTest$ParametersTest" time="0.001">
    <system-out><![CDATA[Iniciando Test
Finalizando Test
]]></system-out>
  </testcase>
  <testcase name="testCuentaDebito(String, String)[5]" classname="com.examplecom.model.CuentaTest$ParametersTest" time="0.001">
    <system-out><![CDATA[Iniciando Test
Finalizando Test
]]></system-out>
  </testcase>
  <testcase name="testCuentaDebito(String, String)[6]" classname="com.examplecom.model.CuentaTest$ParametersTest" time="0.001">
    <system-out><![CDATA[Iniciando Test
Finalizando Test
]]></system-out>
  </testcase>
</testsuite>